Compiled jquery.js  (2ms)  (pid 25294)
Compiled jquery_ujs.js  (0ms)  (pid 25294)
Compiled twitter/bootstrap/bootstrap-transition.js  (0ms)  (pid 25294)
Compiled twitter/bootstrap/bootstrap-alert.js  (0ms)  (pid 25294)
Compiled twitter/bootstrap/bootstrap-modal.js  (0ms)  (pid 25294)
Compiled twitter/bootstrap/bootstrap-dropdown.js  (0ms)  (pid 25294)
Compiled twitter/bootstrap/bootstrap-scrollspy.js  (0ms)  (pid 25294)
Compiled twitter/bootstrap/bootstrap-tab.js  (0ms)  (pid 25294)
Compiled twitter/bootstrap/bootstrap-tooltip.js  (0ms)  (pid 25294)
Compiled twitter/bootstrap/bootstrap-popover.js  (0ms)  (pid 25294)
Compiled twitter/bootstrap/bootstrap-button.js  (0ms)  (pid 25294)
Compiled twitter/bootstrap/bootstrap-collapse.js  (0ms)  (pid 25294)
Compiled twitter/bootstrap/bootstrap-carousel.js  (0ms)  (pid 25294)
Compiled twitter/bootstrap/bootstrap-typeahead.js  (0ms)  (pid 25294)
Compiled twitter/bootstrap/bootstrap-affix.js  (0ms)  (pid 25294)
Compiled twitter/bootstrap.js  (1654ms)  (pid 25294)
Compiled bootstrap.js  (241ms)  (pid 25294)
Compiled movies.js  (131ms)  (pid 25294)
Compiled sessions.js  (101ms)  (pid 25294)
Compiled application.js  (2633ms)  (pid 25294)
Compiled jquery.js  (2ms)  (pid 25616)
Compiled jquery_ujs.js  (0ms)  (pid 25616)
Compiled twitter/bootstrap/bootstrap-transition.js  (0ms)  (pid 25616)
Compiled twitter/bootstrap/bootstrap-alert.js  (0ms)  (pid 25616)
Compiled twitter/bootstrap/bootstrap-modal.js  (0ms)  (pid 25616)
Compiled twitter/bootstrap/bootstrap-dropdown.js  (0ms)  (pid 25616)
Compiled twitter/bootstrap/bootstrap-scrollspy.js  (0ms)  (pid 25616)
Compiled twitter/bootstrap/bootstrap-tab.js  (0ms)  (pid 25616)
Compiled twitter/bootstrap/bootstrap-tooltip.js  (0ms)  (pid 25616)
Compiled twitter/bootstrap/bootstrap-popover.js  (0ms)  (pid 25616)
Compiled twitter/bootstrap/bootstrap-button.js  (0ms)  (pid 25616)
Compiled twitter/bootstrap/bootstrap-collapse.js  (0ms)  (pid 25616)
Compiled twitter/bootstrap/bootstrap-carousel.js  (0ms)  (pid 25616)
Compiled twitter/bootstrap/bootstrap-typeahead.js  (0ms)  (pid 25616)
Compiled twitter/bootstrap/bootstrap-affix.js  (0ms)  (pid 25616)
Compiled twitter/bootstrap.js  (1510ms)  (pid 25616)
Compiled bootstrap.js  (191ms)  (pid 25616)
Compiled movies.js  (133ms)  (pid 25616)
Compiled sessions.js  (134ms)  (pid 25616)
Compiled application.js  (2504ms)  (pid 25616)
Compiled jquery.js  (2ms)  (pid 26787)
Compiled jquery_ujs.js  (0ms)  (pid 26787)
Compiled twitter/bootstrap/bootstrap-transition.js  (0ms)  (pid 26787)
Compiled twitter/bootstrap/bootstrap-alert.js  (0ms)  (pid 26787)
Compiled twitter/bootstrap/bootstrap-modal.js  (0ms)  (pid 26787)
Compiled twitter/bootstrap/bootstrap-dropdown.js  (0ms)  (pid 26787)
Compiled twitter/bootstrap/bootstrap-scrollspy.js  (0ms)  (pid 26787)
Compiled twitter/bootstrap/bootstrap-tab.js  (0ms)  (pid 26787)
Compiled twitter/bootstrap/bootstrap-tooltip.js  (0ms)  (pid 26787)
Compiled twitter/bootstrap/bootstrap-popover.js  (0ms)  (pid 26787)
Compiled twitter/bootstrap/bootstrap-button.js  (0ms)  (pid 26787)
Compiled twitter/bootstrap/bootstrap-collapse.js  (0ms)  (pid 26787)
Compiled twitter/bootstrap/bootstrap-carousel.js  (0ms)  (pid 26787)
Compiled twitter/bootstrap/bootstrap-typeahead.js  (0ms)  (pid 26787)
Compiled twitter/bootstrap/bootstrap-affix.js  (0ms)  (pid 26787)
Compiled twitter/bootstrap.js  (1362ms)  (pid 26787)
Compiled bootstrap.js  (192ms)  (pid 26787)
Compiled movies.js  (133ms)  (pid 26787)
Compiled sessions.js  (135ms)  (pid 26787)
Compiled application.js  (2367ms)  (pid 26787)
Compiled jquery.js  (2ms)  (pid 27126)
Compiled jquery_ujs.js  (0ms)  (pid 27126)
Compiled twitter/bootstrap/bootstrap-transition.js  (0ms)  (pid 27126)
Compiled twitter/bootstrap/bootstrap-alert.js  (0ms)  (pid 27126)
Compiled twitter/bootstrap/bootstrap-modal.js  (0ms)  (pid 27126)
Compiled twitter/bootstrap/bootstrap-dropdown.js  (0ms)  (pid 27126)
Compiled twitter/bootstrap/bootstrap-scrollspy.js  (0ms)  (pid 27126)
Compiled twitter/bootstrap/bootstrap-tab.js  (0ms)  (pid 27126)
Compiled twitter/bootstrap/bootstrap-tooltip.js  (0ms)  (pid 27126)
Compiled twitter/bootstrap/bootstrap-popover.js  (0ms)  (pid 27126)
Compiled twitter/bootstrap/bootstrap-button.js  (0ms)  (pid 27126)
Compiled twitter/bootstrap/bootstrap-collapse.js  (0ms)  (pid 27126)
Compiled twitter/bootstrap/bootstrap-carousel.js  (0ms)  (pid 27126)
Compiled twitter/bootstrap/bootstrap-typeahead.js  (0ms)  (pid 27126)
Compiled twitter/bootstrap/bootstrap-affix.js  (0ms)  (pid 27126)
Compiled twitter/bootstrap.js  (1387ms)  (pid 27126)
Compiled bootstrap.js  (190ms)  (pid 27126)
Compiled movies.js  (97ms)  (pid 27126)
Compiled sessions.js  (96ms)  (pid 27126)
Compiled application.js  (2354ms)  (pid 27126)
Compiled jquery.js  (2ms)  (pid 28043)
Compiled jquery_ujs.js  (0ms)  (pid 28043)
Compiled twitter/bootstrap/bootstrap-transition.js  (0ms)  (pid 28043)
Compiled twitter/bootstrap/bootstrap-alert.js  (0ms)  (pid 28043)
Compiled twitter/bootstrap/bootstrap-modal.js  (0ms)  (pid 28043)
Compiled twitter/bootstrap/bootstrap-dropdown.js  (0ms)  (pid 28043)
Compiled twitter/bootstrap/bootstrap-scrollspy.js  (0ms)  (pid 28043)
Compiled twitter/bootstrap/bootstrap-tab.js  (0ms)  (pid 28043)
Compiled twitter/bootstrap/bootstrap-tooltip.js  (0ms)  (pid 28043)
Compiled twitter/bootstrap/bootstrap-popover.js  (0ms)  (pid 28043)
Compiled twitter/bootstrap/bootstrap-button.js  (0ms)  (pid 28043)
Compiled twitter/bootstrap/bootstrap-collapse.js  (0ms)  (pid 28043)
Compiled twitter/bootstrap/bootstrap-carousel.js  (0ms)  (pid 28043)
Compiled twitter/bootstrap/bootstrap-typeahead.js  (0ms)  (pid 28043)
Compiled twitter/bootstrap/bootstrap-affix.js  (0ms)  (pid 28043)
Compiled twitter/bootstrap.js  (1442ms)  (pid 28043)
Compiled bootstrap.js  (189ms)  (pid 28043)
Compiled movies.js  (134ms)  (pid 28043)
Compiled sessions.js  (134ms)  (pid 28043)
Compiled application.js  (2498ms)  (pid 28043)
Compiled scaffold.css  (0ms)  (pid 28043)
Compiled application.css  (104ms)  (pid 28043)
Compiled jquery.js  (2ms)  (pid 28043)
Compiled jquery_ujs.js  (0ms)  (pid 28043)
Compiled twitter/bootstrap/bootstrap-transition.js  (0ms)  (pid 28043)
Compiled twitter/bootstrap/bootstrap-alert.js  (0ms)  (pid 28043)
Compiled twitter/bootstrap/bootstrap-modal.js  (0ms)  (pid 28043)
Compiled twitter/bootstrap/bootstrap-dropdown.js  (0ms)  (pid 28043)
Compiled twitter/bootstrap/bootstrap-scrollspy.js  (0ms)  (pid 28043)
Compiled twitter/bootstrap/bootstrap-tab.js  (0ms)  (pid 28043)
Compiled twitter/bootstrap/bootstrap-tooltip.js  (0ms)  (pid 28043)
Compiled twitter/bootstrap/bootstrap-popover.js  (0ms)  (pid 28043)
Compiled twitter/bootstrap/bootstrap-button.js  (0ms)  (pid 28043)
Compiled twitter/bootstrap/bootstrap-collapse.js  (0ms)  (pid 28043)
Compiled twitter/bootstrap/bootstrap-carousel.js  (0ms)  (pid 28043)
Compiled twitter/bootstrap/bootstrap-typeahead.js  (0ms)  (pid 28043)
Compiled twitter/bootstrap/bootstrap-affix.js  (0ms)  (pid 28043)
Compiled twitter/bootstrap.js  (1331ms)  (pid 28043)
Compiled bootstrap.js  (186ms)  (pid 28043)
Compiled movies.js  (133ms)  (pid 28043)
Compiled sessions.js  (158ms)  (pid 28043)
Compiled application.js  (2396ms)  (pid 28043)
Compiled scaffold.css  (0ms)  (pid 28043)
Compiled application.css  (98ms)  (pid 28043)
Compiled jquery.js  (1ms)  (pid 30979)
Compiled jquery_ujs.js  (0ms)  (pid 30979)
Compiled twitter/bootstrap/bootstrap-transition.js  (0ms)  (pid 30979)
Compiled twitter/bootstrap/bootstrap-alert.js  (0ms)  (pid 30979)
Compiled twitter/bootstrap/bootstrap-modal.js  (27ms)  (pid 30979)
Compiled twitter/bootstrap/bootstrap-dropdown.js  (0ms)  (pid 30979)
Compiled twitter/bootstrap/bootstrap-scrollspy.js  (0ms)  (pid 30979)
Compiled twitter/bootstrap/bootstrap-tab.js  (0ms)  (pid 30979)
Compiled twitter/bootstrap/bootstrap-tooltip.js  (0ms)  (pid 30979)
Compiled twitter/bootstrap/bootstrap-popover.js  (0ms)  (pid 30979)
Compiled twitter/bootstrap/bootstrap-button.js  (0ms)  (pid 30979)
Compiled twitter/bootstrap/bootstrap-collapse.js  (0ms)  (pid 30979)
Compiled twitter/bootstrap/bootstrap-carousel.js  (1ms)  (pid 30979)
Compiled twitter/bootstrap/bootstrap-typeahead.js  (0ms)  (pid 30979)
Compiled twitter/bootstrap/bootstrap-affix.js  (0ms)  (pid 30979)
Compiled twitter/bootstrap.js  (1405ms)  (pid 30979)
Compiled bootstrap.js  (190ms)  (pid 30979)
Compiled application.js  (1974ms)  (pid 30979)
Compiled jquery.js  (2ms)  (pid 31884)
Compiled jquery_ujs.js  (0ms)  (pid 31884)
Compiled twitter/bootstrap/bootstrap-transition.js  (0ms)  (pid 31884)
Compiled twitter/bootstrap/bootstrap-alert.js  (0ms)  (pid 31884)
Compiled twitter/bootstrap/bootstrap-modal.js  (0ms)  (pid 31884)
Compiled twitter/bootstrap/bootstrap-dropdown.js  (0ms)  (pid 31884)
Compiled twitter/bootstrap/bootstrap-scrollspy.js  (0ms)  (pid 31884)
Compiled twitter/bootstrap/bootstrap-tab.js  (0ms)  (pid 31884)
Compiled twitter/bootstrap/bootstrap-tooltip.js  (0ms)  (pid 31884)
Compiled twitter/bootstrap/bootstrap-popover.js  (0ms)  (pid 31884)
Compiled twitter/bootstrap/bootstrap-button.js  (0ms)  (pid 31884)
Compiled twitter/bootstrap/bootstrap-collapse.js  (0ms)  (pid 31884)
Compiled twitter/bootstrap/bootstrap-carousel.js  (0ms)  (pid 31884)
Compiled twitter/bootstrap/bootstrap-typeahead.js  (0ms)  (pid 31884)
Compiled twitter/bootstrap/bootstrap-affix.js  (0ms)  (pid 31884)
Compiled twitter/bootstrap.js  (1347ms)  (pid 31884)
Compiled bootstrap.js  (191ms)  (pid 31884)
Compiled application.js  (1930ms)  (pid 31884)
Compiled jquery.js  (1ms)  (pid 3499)
Compiled jquery_ujs.js  (0ms)  (pid 3499)
Compiled twitter/bootstrap/bootstrap-transition.js  (0ms)  (pid 3499)
Compiled twitter/bootstrap/bootstrap-alert.js  (0ms)  (pid 3499)
Compiled twitter/bootstrap/bootstrap-modal.js  (0ms)  (pid 3499)
Compiled twitter/bootstrap/bootstrap-dropdown.js  (0ms)  (pid 3499)
Compiled twitter/bootstrap/bootstrap-scrollspy.js  (0ms)  (pid 3499)
Compiled twitter/bootstrap/bootstrap-tab.js  (0ms)  (pid 3499)
Compiled twitter/bootstrap/bootstrap-tooltip.js  (0ms)  (pid 3499)
Compiled twitter/bootstrap/bootstrap-popover.js  (0ms)  (pid 3499)
Compiled twitter/bootstrap/bootstrap-button.js  (0ms)  (pid 3499)
Compiled twitter/bootstrap/bootstrap-collapse.js  (0ms)  (pid 3499)
Compiled twitter/bootstrap/bootstrap-carousel.js  (0ms)  (pid 3499)
Compiled twitter/bootstrap/bootstrap-typeahead.js  (0ms)  (pid 3499)
Compiled twitter/bootstrap/bootstrap-affix.js  (0ms)  (pid 3499)
Compiled twitter/bootstrap.js  (1422ms)  (pid 3499)
Compiled bootstrap.js  (63ms)  (pid 3499)
Compiled application.js  (1899ms)  (pid 3499)
Compiled bootstrap_and_overrides.css  (957ms)  (pid 3499)
Compiled application.css  (1070ms)  (pid 3499)
Compiled jquery.js  (2ms)  (pid 3499)
Compiled jquery_ujs.js  (0ms)  (pid 3499)
Compiled twitter/bootstrap/bootstrap-transition.js  (0ms)  (pid 3499)
Compiled twitter/bootstrap/bootstrap-alert.js  (0ms)  (pid 3499)
Compiled twitter/bootstrap/bootstrap-modal.js  (0ms)  (pid 3499)
Compiled twitter/bootstrap/bootstrap-dropdown.js  (0ms)  (pid 3499)
Compiled twitter/bootstrap/bootstrap-scrollspy.js  (0ms)  (pid 3499)
Compiled twitter/bootstrap/bootstrap-tab.js  (0ms)  (pid 3499)
Compiled twitter/bootstrap/bootstrap-tooltip.js  (0ms)  (pid 3499)
Compiled twitter/bootstrap/bootstrap-popover.js  (0ms)  (pid 3499)
Compiled twitter/bootstrap/bootstrap-button.js  (0ms)  (pid 3499)
Compiled twitter/bootstrap/bootstrap-collapse.js  (0ms)  (pid 3499)
Compiled twitter/bootstrap/bootstrap-carousel.js  (0ms)  (pid 3499)
Compiled twitter/bootstrap/bootstrap-typeahead.js  (0ms)  (pid 3499)
Compiled twitter/bootstrap/bootstrap-affix.js  (0ms)  (pid 3499)
Compiled twitter/bootstrap.js  (1342ms)  (pid 3499)
Compiled bootstrap.js  (62ms)  (pid 3499)
Compiled application.js  (1817ms)  (pid 3499)
Compiled bootstrap_and_overrides.css  (779ms)  (pid 3499)
Compiled application.css  (927ms)  (pid 3499)
Compiled jquery.js  (1ms)  (pid 26222)
Compiled jquery_ujs.js  (0ms)  (pid 26222)
Compiled twitter/bootstrap/bootstrap-transition.js  (0ms)  (pid 26222)
Compiled twitter/bootstrap/bootstrap-alert.js  (0ms)  (pid 26222)
Compiled twitter/bootstrap/bootstrap-modal.js  (0ms)  (pid 26222)
Compiled twitter/bootstrap/bootstrap-dropdown.js  (0ms)  (pid 26222)
Compiled twitter/bootstrap/bootstrap-scrollspy.js  (0ms)  (pid 26222)
Compiled twitter/bootstrap/bootstrap-tab.js  (0ms)  (pid 26222)
Compiled twitter/bootstrap/bootstrap-tooltip.js  (0ms)  (pid 26222)
Compiled twitter/bootstrap/bootstrap-popover.js  (0ms)  (pid 26222)
Compiled twitter/bootstrap/bootstrap-button.js  (0ms)  (pid 26222)
Compiled twitter/bootstrap/bootstrap-collapse.js  (0ms)  (pid 26222)
Compiled twitter/bootstrap/bootstrap-carousel.js  (0ms)  (pid 26222)
Compiled twitter/bootstrap/bootstrap-typeahead.js  (0ms)  (pid 26222)
Compiled twitter/bootstrap/bootstrap-affix.js  (0ms)  (pid 26222)
Compiled twitter/bootstrap.js  (1365ms)  (pid 26222)
Compiled bootstrap.js  (62ms)  (pid 26222)
Compiled application.js  (1883ms)  (pid 26222)
Compiled bootstrap_and_overrides.css  (1019ms)  (pid 26222)
Compiled scaffold.css  (1ms)  (pid 26222)
Compiled application.css  (1371ms)  (pid 26222)
Compiled jquery.js  (1ms)  (pid 26222)
Compiled jquery_ujs.js  (0ms)  (pid 26222)
Compiled twitter/bootstrap/bootstrap-transition.js  (0ms)  (pid 26222)
Compiled twitter/bootstrap/bootstrap-alert.js  (0ms)  (pid 26222)
Compiled twitter/bootstrap/bootstrap-modal.js  (0ms)  (pid 26222)
Compiled twitter/bootstrap/bootstrap-dropdown.js  (0ms)  (pid 26222)
Compiled twitter/bootstrap/bootstrap-scrollspy.js  (0ms)  (pid 26222)
Compiled twitter/bootstrap/bootstrap-tab.js  (0ms)  (pid 26222)
Compiled twitter/bootstrap/bootstrap-tooltip.js  (0ms)  (pid 26222)
Compiled twitter/bootstrap/bootstrap-popover.js  (0ms)  (pid 26222)
Compiled twitter/bootstrap/bootstrap-button.js  (0ms)  (pid 26222)
Compiled twitter/bootstrap/bootstrap-collapse.js  (0ms)  (pid 26222)
Compiled twitter/bootstrap/bootstrap-carousel.js  (0ms)  (pid 26222)
Compiled twitter/bootstrap/bootstrap-typeahead.js  (0ms)  (pid 26222)
Compiled twitter/bootstrap/bootstrap-affix.js  (0ms)  (pid 26222)
Compiled twitter/bootstrap.js  (1499ms)  (pid 26222)
Compiled bootstrap.js  (61ms)  (pid 26222)
Compiled application.js  (1960ms)  (pid 26222)
Compiled bootstrap_and_overrides.css  (786ms)  (pid 26222)
Compiled scaffold.css  (0ms)  (pid 26222)
Compiled application.css  (983ms)  (pid 26222)
